0 verbose cli /Users/yasinceken/.nvm/versions/node/v24.16.0/bin/node /Users/yasinceken/.nvm/versions/node/v24.16.0/bin/npm
1 info using npm@11.13.0
2 info using node@v24.16.0
3 silly config load:file:/Users/yasinceken/.nvm/versions/node/v24.16.0/lib/node_modules/npm/npmrc
4 silly config load:file:/Users/yasinceken/Library/Caches/typescript/5.9/.npmrc
5 silly config load:file:/Users/yasinceken/.npmrc
6 silly config load:file:/Users/yasinceken/.nvm/versions/node/v24.16.0/etc/npmrc
7 verbose title npm install types-registry@latest
8 verbose argv "install" "--ignore-scripts" "types-registry@latest"
9 verbose logfile logs-max:10 dir:/Users/yasinceken/Desktop/tkd-plan/.npm-cache/_logs/2026-07-03T11_04_51_491Z-
10 verbose logfile /Users/yasinceken/Desktop/tkd-plan/.npm-cache/_logs/2026-07-03T11_04_51_491Z-debug-0.log
11 silly logfile done cleaning log files
12 silly packumentCache heap:2348810240 maxSize:587202560 maxEntrySize:293601280
13 silly packumentCache corgi:https://registry.npmjs.org/types-registry cache-miss
14 http fetch GET 200 https://registry.npmjs.org/types-registry 498ms (cache miss)
15 silly packumentCache corgi:https://registry.npmjs.org/types-registry set size:undefined disposed:false
16 silly idealTree buildDeps
17 silly fetch manifest types-registry@0.1.776
18 silly packumentCache full:https://registry.npmjs.org/types-registry cache-miss
19 http fetch GET 200 https://registry.npmjs.org/types-registry 112ms (cache miss)
20 silly packumentCache full:https://registry.npmjs.org/types-registry set size:undefined disposed:false
21 silly placeDep ROOT types-registry@0.1.776 OK for:  want: 0.1.776
22 silly reify moves {}
23 silly audit bulk request { 'types-registry': [ '0.1.776' ] }
24 http cache types-registry@https://registry.npmjs.org/types-registry/-/types-registry-0.1.776.tgz 1ms (cache hit)
25 silly tarball no local data for types-registry@https://registry.npmjs.org/types-registry/-/types-registry-0.1.776.tgz. Extracting by manifest.
26 http fetch GET 200 https://registry.npmjs.org/types-registry/-/types-registry-0.1.776.tgz 236ms (cache miss)
27 http fetch POST 200 https://registry.npmjs.org/-/npm/v1/security/advisories/bulk 292ms
28 silly audit report {}
29 silly ADD node_modules/types-registry
30 verbose cwd /Users/yasinceken/Library/Caches/typescript/5.9
31 verbose os Darwin 25.5.0
32 verbose node v24.16.0
33 verbose npm  v11.13.0
34 verbose exit 0
35 info ok
