0 verbose cli /Users/yasinceken/.nvm/versions/node/v24.16.0/bin/node /Users/yasinceken/.nvm/versions/node/v24.16.0/lib/node_modules/npm/bin/npm-cli.js
1 info using npm@11.13.0
2 info using node@v24.16.0
3 silly config load:file:/Users/yasinceken/.nvm/versions/node/v24.16.0/lib/node_modules/npm/npmrc
4 silly config load:file:/Users/yasinceken/Desktop/tkd-plan/.npmrc
5 silly config load:file:/Users/yasinceken/.npmrc
6 silly config load:file:/Users/yasinceken/.nvm/versions/node/v24.16.0/etc/npmrc
7 verbose title npm exec shadcn@latest add card input textarea select dialog label separator
8 verbose argv "exec" "--" "shadcn@latest" "add" "card" "input" "textarea" "select" "dialog" "label" "separator"
9 verbose logfile logs-max:10 dir:/Users/yasinceken/Desktop/tkd-plan/.npm-cache/_logs/2026-07-03T10_59_10_954Z-
10 verbose logfile /Users/yasinceken/Desktop/tkd-plan/.npm-cache/_logs/2026-07-03T10_59_10_954Z-debug-0.log
11 silly logfile done cleaning log files
12 silly packumentCache heap:2348810240 maxSize:587202560 maxEntrySize:293601280
13 http fetch GET 200 https://registry.npmjs.org/shadcn 154ms (cache miss)
14 verbose cwd /Users/yasinceken/Desktop/tkd-plan
15 verbose os Darwin 25.5.0
16 verbose node v24.16.0
17 verbose npm  v11.13.0
18 verbose exit 0
19 info ok
