0 verbose cli /Users/yasinceken/.nvm/versions/node/v24.16.0/bin/node /Users/yasinceken/.nvm/versions/node/v24.16.0/bin/npm
1 info using npm@11.13.0
2 info using node@v24.16.0
3 silly config load:file:/Users/yasinceken/.nvm/versions/node/v24.16.0/lib/node_modules/npm/npmrc
4 silly config load:file:/Users/yasinceken/Library/Caches/typescript/5.9/.npmrc
5 silly config load:file:/Users/yasinceken/.npmrc
6 silly config load:file:/Users/yasinceken/.nvm/versions/node/v24.16.0/etc/npmrc
7 verbose title npm install @types/react@ts5.9 @types/react-big-calendar@ts5.9 @types/react-dom@ts5.9
8 verbose argv "install" "--ignore-scripts" "@types/react@ts5.9" "@types/react-big-calendar@ts5.9" "@types/react-dom@ts5.9" "--save-dev" "--user-agent" "typesInstaller/5.9.2"
9 verbose logfile logs-max:10 dir:/Users/yasinceken/Desktop/tkd-plan/.npm-cache/_logs/2026-07-03T11_04_52_869Z-
10 verbose logfile /Users/yasinceken/Desktop/tkd-plan/.npm-cache/_logs/2026-07-03T11_04_52_869Z-debug-0.log
11 silly logfile done cleaning log files
12 silly packumentCache heap:2348810240 maxSize:587202560 maxEntrySize:293601280
13 silly packumentCache corgi:https://registry.npmjs.org/@types%2freact cache-miss
14 silly packumentCache corgi:https://registry.npmjs.org/@types%2freact-big-calendar cache-miss
15 silly packumentCache corgi:https://registry.npmjs.org/@types%2freact-dom cache-miss
16 http fetch GET 200 https://registry.npmjs.org/@types%2freact-dom 175ms (cache miss)
17 silly packumentCache corgi:https://registry.npmjs.org/@types%2freact-dom set size:undefined disposed:false
18 http fetch GET 200 https://registry.npmjs.org/@types%2freact 267ms (cache miss)
19 silly packumentCache corgi:https://registry.npmjs.org/@types%2freact set size:undefined disposed:false
20 http fetch GET 200 https://registry.npmjs.org/@types%2freact-big-calendar 540ms (cache miss)
21 silly packumentCache corgi:https://registry.npmjs.org/@types%2freact-big-calendar set size:undefined disposed:false
22 silly idealTree buildDeps
23 silly fetch manifest @types/react-dom@19.2.3
24 silly packumentCache full:https://registry.npmjs.org/@types%2freact-dom cache-miss
25 http fetch GET 200 https://registry.npmjs.org/@types%2freact-dom 61ms (cache miss)
26 silly packumentCache full:https://registry.npmjs.org/@types%2freact-dom set size:undefined disposed:false
27 silly fetch manifest @types/react@19.2.17
28 silly packumentCache full:https://registry.npmjs.org/@types%2freact cache-miss
29 http fetch GET 200 https://registry.npmjs.org/@types%2freact 107ms (cache miss)
30 silly packumentCache full:https://registry.npmjs.org/@types%2freact set size:undefined disposed:false
31 silly fetch manifest @types/react-big-calendar@1.16.3
32 silly packumentCache full:https://registry.npmjs.org/@types%2freact-big-calendar cache-miss
33 http fetch GET 200 https://registry.npmjs.org/@types%2freact-big-calendar 458ms (cache revalidated)
34 silly packumentCache full:https://registry.npmjs.org/@types%2freact-big-calendar set size:311522 disposed:false
35 silly placeDep ROOT @types/react@19.2.17 OK for:  want: 19.2.17
36 silly placeDep ROOT @types/react-big-calendar@1.16.3 OK for:  want: 1.16.3
37 silly placeDep ROOT @types/react-dom@19.2.3 OK for:  want: 19.2.3
38 silly fetch manifest csstype@^3.2.2
39 silly packumentCache full:https://registry.npmjs.org/csstype cache-miss
40 silly fetch manifest @types/prop-types@*
41 silly packumentCache full:https://registry.npmjs.org/@types%2fprop-types cache-miss
42 silly fetch manifest @types/date-arithmetic@*
43 silly packumentCache full:https://registry.npmjs.org/@types%2fdate-arithmetic cache-miss
44 http fetch GET 200 https://registry.npmjs.org/@types%2fprop-types 48ms (cache revalidated)
45 silly packumentCache full:https://registry.npmjs.org/@types%2fprop-types set size:53942 disposed:false
46 http fetch GET 200 https://registry.npmjs.org/csstype 51ms (cache miss)
47 silly packumentCache full:https://registry.npmjs.org/csstype set size:undefined disposed:false
48 http fetch GET 200 https://registry.npmjs.org/@types%2fdate-arithmetic 673ms (cache revalidated)
49 silly packumentCache full:https://registry.npmjs.org/@types%2fdate-arithmetic set size:16068 disposed:false
50 silly placeDep ROOT csstype@3.2.3 OK for: @types/react@19.2.17 want: ^3.2.2
51 silly placeDep ROOT @types/date-arithmetic@4.1.4 OK for: @types/react-big-calendar@1.16.3 want: *
52 silly placeDep ROOT @types/prop-types@15.7.15 OK for: @types/react-big-calendar@1.16.3 want: *
53 silly reify moves {}
54 silly audit bulk request {
54 silly audit   'types-registry': [ '0.1.776' ],
54 silly audit   '@types/react': [ '19.2.17' ],
54 silly audit   '@types/react-big-calendar': [ '1.16.3' ],
54 silly audit   '@types/react-dom': [ '19.2.3' ],
54 silly audit   csstype: [ '3.2.3' ],
54 silly audit   '@types/date-arithmetic': [ '4.1.4' ],
54 silly audit   '@types/prop-types': [ '15.7.15' ]
54 silly audit }
55 http cache @types/prop-types@https://registry.npmjs.org/@types/prop-types/-/prop-types-15.7.15.tgz 0ms (cache hit)
56 http cache @types/react-dom@https://registry.npmjs.org/@types/react-dom/-/react-dom-19.2.3.tgz 0ms (cache hit)
57 http cache @types/react-big-calendar@https://registry.npmjs.org/@types/react-big-calendar/-/react-big-calendar-1.16.3.tgz 0ms (cache hit)
58 http cache csstype@https://registry.npmjs.org/csstype/-/csstype-3.2.3.tgz 0ms (cache hit)
59 http cache @types/react@https://registry.npmjs.org/@types/react/-/react-19.2.17.tgz 0ms (cache hit)
60 http cache @types/date-arithmetic@https://registry.npmjs.org/@types/date-arithmetic/-/date-arithmetic-4.1.4.tgz 0ms (cache hit)
61 silly tarball no local data for @types/react-dom@https://registry.npmjs.org/@types/react-dom/-/react-dom-19.2.3.tgz. Extracting by manifest.
62 silly tarball no local data for csstype@https://registry.npmjs.org/csstype/-/csstype-3.2.3.tgz. Extracting by manifest.
63 silly tarball no local data for @types/react@https://registry.npmjs.org/@types/react/-/react-19.2.17.tgz. Extracting by manifest.
64 http fetch GET 200 https://registry.npmjs.org/@types/react-dom/-/react-dom-19.2.3.tgz 56ms (cache miss)
65 http fetch GET 200 https://registry.npmjs.org/csstype/-/csstype-3.2.3.tgz 67ms (cache miss)
66 http fetch GET 200 https://registry.npmjs.org/@types/react/-/react-19.2.17.tgz 212ms (cache miss)
67 http fetch POST 200 https://registry.npmjs.org/-/npm/v1/security/advisories/bulk 229ms
68 silly audit report {}
69 silly ADD node_modules/@types/prop-types
70 silly ADD node_modules/@types/date-arithmetic
71 silly ADD node_modules/csstype
72 silly ADD node_modules/@types/react-dom
73 silly ADD node_modules/@types/react-big-calendar
74 silly ADD node_modules/@types/react
75 verbose cwd /Users/yasinceken/Library/Caches/typescript/5.9
76 verbose os Darwin 25.5.0
77 verbose node v24.16.0
78 verbose npm  v11.13.0
79 verbose exit 0
80 info ok
