0 verbose cli /Users/yasinceken/.nvm/versions/node/v24.16.0/bin/node /Users/yasinceken/.nvm/versions/node/v24.16.0/bin/npm
1 info using npm@11.13.0
2 info using node@v24.16.0
3 silly config load:file:/Users/yasinceken/.nvm/versions/node/v24.16.0/lib/node_modules/npm/npmrc
4 silly config load:file:/Users/yasinceken/Desktop/tkd-plan/.npmrc
5 silly config load:file:/Users/yasinceken/.npmrc
6 silly config load:file:/Users/yasinceken/.nvm/versions/node/v24.16.0/etc/npmrc
7 verbose title npm install @types/react-big-calendar
8 verbose argv "install" "@types/react-big-calendar"
9 verbose logfile logs-max:10 dir:/Users/yasinceken/Desktop/tkd-plan/.npm-cache/_logs/2026-07-03T10_57_54_947Z-
10 verbose logfile /Users/yasinceken/Desktop/tkd-plan/.npm-cache/_logs/2026-07-03T10_57_54_947Z-debug-0.log
11 silly logfile done cleaning log files
12 silly packumentCache heap:2348810240 maxSize:587202560 maxEntrySize:293601280
13 silly idealTree buildDeps
14 silly fetch manifest @types/react-big-calendar@*
15 silly packumentCache full:https://registry.npmjs.org/@types%2freact-big-calendar cache-miss
16 http fetch GET 200 https://registry.npmjs.org/@types%2freact-big-calendar 603ms (cache miss)
17 silly packumentCache full:https://registry.npmjs.org/@types%2freact-big-calendar set size:undefined disposed:false
18 silly placeDep ROOT @types/react-big-calendar@1.16.3 OK for: tkd-plan@0.1.0 want: *
19 silly fetch manifest @types/prop-types@*
20 silly packumentCache full:https://registry.npmjs.org/@types%2fprop-types cache-miss
21 silly fetch manifest @types/date-arithmetic@*
22 silly packumentCache full:https://registry.npmjs.org/@types%2fdate-arithmetic cache-miss
23 http fetch GET 200 https://registry.npmjs.org/@types%2fprop-types 294ms (cache miss)
24 silly packumentCache full:https://registry.npmjs.org/@types%2fprop-types set size:undefined disposed:false
25 http fetch GET 200 https://registry.npmjs.org/@types%2fdate-arithmetic 548ms (cache miss)
26 silly packumentCache full:https://registry.npmjs.org/@types%2fdate-arithmetic set size:undefined disposed:false
27 silly placeDep ROOT @types/date-arithmetic@4.1.4 OK for: @types/react-big-calendar@1.16.3 want: *
28 silly placeDep ROOT @types/prop-types@15.7.15 OK for: @types/react-big-calendar@1.16.3 want: *
29 silly reify moves {}
30 silly audit bulk request {
30 silly audit   '@alloc/quick-lru': [ '5.2.0' ],
30 silly audit   '@babel/code-frame': [ '7.29.7' ],
30 silly audit   '@babel/compat-data': [ '7.29.7' ],
30 silly audit   '@babel/core': [ '7.29.7' ],
30 silly audit   '@babel/generator': [ '7.29.7' ],
30 silly audit   '@babel/helper-annotate-as-pure': [ '7.29.7' ],
30 silly audit   '@babel/helper-compilation-targets': [ '7.29.7' ],
30 silly audit   '@babel/helper-create-class-features-plugin': [ '7.29.7' ],
30 silly audit   '@babel/helper-globals': [ '7.29.7' ],
30 silly audit   '@babel/helper-member-expression-to-functions': [ '7.29.7' ],
30 silly audit   '@babel/helper-module-imports': [ '7.29.7' ],
30 silly audit   '@babel/helper-module-transforms': [ '7.29.7' ],
30 silly audit   '@babel/helper-optimise-call-expression': [ '7.29.7' ],
30 silly audit   '@babel/helper-plugin-utils': [ '7.29.7' ],
30 silly audit   '@babel/helper-replace-supers': [ '7.29.7' ],
30 silly audit   '@babel/helper-skip-transparent-expression-wrappers': [ '7.29.7' ],
30 silly audit   '@babel/helper-string-parser': [ '7.29.7' ],
30 silly audit   '@babel/helper-validator-identifier': [ '7.29.7' ],
30 silly audit   '@babel/helper-validator-option': [ '7.29.7' ],
30 silly audit   '@babel/helpers': [ '7.29.7' ],
30 silly audit   '@babel/parser': [ '7.29.7' ],
30 silly audit   '@babel/plugin-syntax-jsx': [ '7.29.7' ],
30 silly audit   '@babel/plugin-syntax-typescript': [ '7.29.7' ],
30 silly audit   '@babel/plugin-transform-modules-commonjs': [ '7.29.7' ],
30 silly audit   '@babel/plugin-transform-typescript': [ '7.29.7' ],
30 silly audit   '@babel/preset-typescript': [ '7.29.7' ],
30 silly audit   '@babel/runtime': [ '7.29.7' ],
30 silly audit   '@babel/template': [ '7.29.7' ],
30 silly audit   '@babel/traverse': [ '7.29.7' ],
30 silly audit   '@babel/types': [ '7.29.7' ],
30 silly audit   '@base-ui/react': [ '1.6.0' ],
30 silly audit   '@base-ui/utils': [ '0.3.1' ],
30 silly audit   '@dotenvx/dotenvx': [ '1.75.1' ],
30 silly audit   commander: [ '11.1.0', '14.0.3' ],
30 silly audit   'define-lazy-prop': [ '2.0.0', '3.0.0' ],
30 silly audit   execa: [ '5.1.1', '9.6.1' ],
30 silly audit   fdir: [ '6.5.0' ],
30 silly audit   'get-stream': [ '6.0.1', '9.0.1' ],
30 silly audit   'human-signals': [ '2.1.0', '8.0.1' ],
30 silly audit   'is-docker': [ '2.2.1', '3.0.0' ],
30 silly audit   'is-stream': [ '2.0.1', '4.0.1' ],
30 silly audit   'is-wsl': [ '2.2.0', '3.1.1' ],
30 silly audit   isexe: [ '3.1.5', '2.0.0' ],
30 silly audit   'npm-run-path': [ '4.0.1', '6.0.0' ],
30 silly audit   open: [ '8.4.2', '11.0.0' ],
30 silly audit   picomatch: [ '4.0.5', '2.3.2' ],
30 silly audit   'signal-exit': [ '3.0.7', '4.1.0' ],
30 silly audit   'strip-final-newline': [ '2.0.0', '4.0.0' ],
30 silly audit   which: [ '4.0.0', '2.0.2' ],
30 silly audit   '@dotenvx/primitives': [ '0.8.0' ],
30 silly audit   '@emnapi/core': [ '1.10.0' ],
30 silly audit   '@emnapi/runtime': [ '1.11.2', '1.10.0' ],
30 silly audit   '@emnapi/wasi-threads': [ '1.2.1' ],
30 silly audit   '@eslint-community/eslint-utils': [ '4.9.1' ],
30 silly audit   'eslint-visitor-keys': [ '3.4.3', '5.0.1', '4.2.1' ],
30 silly audit   '@eslint-community/regexpp': [ '4.12.2' ],
30 silly audit   '@eslint/config-array': [ '0.21.2' ],
30 silly audit   '@eslint/config-helpers': [ '0.4.2' ],
30 silly audit   '@eslint/core': [ '0.17.0' ],
30 silly audit   '@eslint/eslintrc': [ '3.3.5' ],
30 silly audit   '@eslint/js': [ '9.39.4' ],
30 silly audit   '@eslint/object-schema': [ '2.1.7' ],
30 silly audit   '@eslint/plugin-kit': [ '0.4.1' ],
30 silly audit   '@floating-ui/core': [ '1.7.5' ],
30 silly audit   '@floating-ui/dom': [ '1.7.6' ],
30 silly audit   '@floating-ui/react-dom': [ '2.1.8' ],
30 silly audit   '@floating-ui/utils': [ '0.2.11' ],
30 silly audit   '@hono/node-server': [ '1.19.14' ],
30 silly audit   '@humanfs/core': [ '0.19.2' ],
30 silly audit   '@humanfs/node': [ '0.16.8' ],
30 silly audit   '@humanfs/types': [ '0.15.0' ],
30 silly audit   '@humanwhocodes/module-importer': [ '1.0.1' ],
30 silly audit   '@humanwhocodes/retry': [ '0.4.3' ],
30 silly audit   '@img/colour': [ '1.1.0' ],
30 silly audit   '@img/sharp-darwin-arm64': [ '0.34.5' ],
30 silly audit   '@img/sharp-darwin-x64': [ '0.34.5' ],
30 silly audit   '@img/sharp-libvips-darwin-arm64': [ '1.2.4' ],
30 silly audit   '@img/sharp-libvips-darwin-x64': [ '1.2.4' ],
30 silly audit   '@img/sharp-libvips-linux-arm': [ '1.2.4' ],
30 silly audit   '@img/sharp-libvips-linux-arm64': [ '1.2.4' ],
30 silly audit   '@img/sharp-libvips-linux-ppc64': [ '1.2.4' ],
30 silly audit   '@img/sharp-libvips-linux-riscv64': [ '1.2.4' ],
30 silly audit   '@img/sharp-libvips-linux-s390x': [ '1.2.4' ],
30 silly audit   '@img/sharp-libvips-linux-x64': [ '1.2.4' ],
30 silly audit   '@img/sharp-libvips-linuxmusl-arm64': [ '1.2.4' ],
30 silly audit   '@img/sharp-libvips-linuxmusl-x64': [ '1.2.4' ],
30 silly audit   '@img/sharp-linux-arm': [ '0.34.5' ],
30 silly audit   '@img/sharp-linux-arm64': [ '0.34.5' ],
30 silly audit   '@img/sharp-linux-ppc64': [ '0.34.5' ],
30 silly audit   '@img/sharp-linux-riscv64': [ '0.34.5' ],
30 silly audit   '@img/sharp-linux-s390x': [ '0.34.5' ],
30 silly audit   '@img/sharp-linux-x64': [ '0.34.5' ],
30 silly audit   '@img/sharp-linuxmusl-arm64': [ '0.34.5' ],
30 silly audit   '@img/sharp-linuxmusl-x64': [ '0.34.5' ],
30 silly audit   '@img/sharp-wasm32': [ '0.34.5' ],
30 silly audit   '@img/sharp-win32-arm64': [ '0.34.5' ],
30 silly audit   '@img/sharp-win32-ia32': [ '0.34.5' ],
30 silly audit   '@img/sharp-win32-x64': [ '0.34.5' ],
30 silly audit   '@jridgewell/gen-mapping': [ '0.3.13' ],
30 silly audit   '@jridgewell/remapping': [ '2.3.5' ],
30 silly audit   '@jridgewell/resolve-uri': [ '3.1.2' ],
30 silly audit   '@jridgewell/sourcemap-codec': [ '1.5.5' ],
30 silly audit   '@jridgewell/trace-mapping': [ '0.3.31' ],
30 silly audit   '@modelcontextprotocol/sdk': [ '1.29.0' ],
30 silly audit   ajv: [ '8.20.0', '6.15.0' ],
30 silly audit   'json-schema-traverse': [ '1.0.0', '0.4.1' ],
30 silly audit   '@napi-rs/wasm-runtime': [ '1.1.6' ],
30 silly audit   '@next/env': [ '16.2.10' ],
30 silly audit   '@next/eslint-plugin-next': [ '16.2.10' ],
30 silly audit   '@next/swc-darwin-arm64': [ '16.2.10' ],
30 silly audit   '@next/swc-darwin-x64': [ '16.2.10' ],
30 silly audit   '@next/swc-linux-arm64-gnu': [ '16.2.10' ],
30 silly audit   '@next/swc-linux-arm64-musl': [ '16.2.10' ],
30 silly audit   '@next/swc-linux-x64-gnu': [ '16.2.10' ],
30 silly audit   '@next/swc-linux-x64-musl': [ '16.2.10' ],
30 silly audit   '@next/swc-win32-arm64-msvc': [ '16.2.10' ],
30 silly audit   '@next/swc-win32-x64-msvc': [ '16.2.10' ],
30 silly audit   '@nodelib/fs.scandir': [ '2.1.5' ],
30 silly audit   '@nodelib/fs.stat': [ '2.0.5' ],
30 silly audit   '@nodelib/fs.walk': [ '1.2.8' ],
30 silly audit   '@nolyfill/is-core-module': [ '1.0.39' ],
30 silly audit   '@popperjs/core': [ '2.11.8' ],
30 silly audit   '@restart/hooks': [ '0.4.16' ],
30 silly audit   '@rtsao/scc': [ '1.1.0' ],
30 silly audit   '@sec-ant/readable-stream': [ '0.4.1' ],
30 silly audit   '@sindresorhus/merge-streams': [ '4.0.0' ],
30 silly audit   '@supabase/auth-js': [ '2.110.0' ],
30 silly audit   '@supabase/functions-js': [ '2.110.0' ],
30 silly audit   '@supabase/phoenix': [ '0.4.4' ],
30 silly audit   '@supabase/postgrest-js': [ '2.110.0' ],
30 silly audit   '@supabase/realtime-js': [ '2.110.0' ],
30 silly audit   '@supabase/storage-js': [ '2.110.0' ],
30 silly audit   '@supabase/supabase-js': [ '2.110.0' ],
30 silly audit   '@swc/helpers': [ '0.5.15' ],
30 silly audit   '@tailwindcss/node': [ '4.3.2' ],
30 silly audit   '@tailwindcss/oxide': [ '4.3.2' ],
30 silly audit   '@tailwindcss/oxide-android-arm64': [ '4.3.2' ],
30 silly audit   '@tailwindcss/oxide-darwin-arm64': [ '4.3.2' ],
30 silly audit   '@tailwindcss/oxide-darwin-x64': [ '4.3.2' ],
30 silly audit   '@tailwindcss/oxide-freebsd-x64': [ '4.3.2' ],
30 silly audit   '@tailwindcss/oxide-linux-arm-gnueabihf': [ '4.3.2' ],
30 silly audit   '@tailwindcss/oxide-linux-arm64-gnu': [ '4.3.2' ],
30 silly audit   '@tailwindcss/oxide-linux-arm64-musl': [ '4.3.2' ],
30 silly audit   '@tailwindcss/oxide-linux-x64-gnu': [ '4.3.2' ],
30 silly audit   '@tailwindcss/oxide-linux-x64-musl': [ '4.3.2' ],
30 silly audit   '@tailwindcss/oxide-wasm32-wasi': [ '4.3.2' ],
30 silly audit   '@tailwindcss/oxide-win32-arm64-msvc': [ '4.3.2' ],
30 silly audit   '@tailwindcss/oxide-win32-x64-msvc': [ '4.3.2' ],
30 silly audit   '@tailwindcss/postcss': [ '4.3.2' ],
30 silly audit   '@ts-morph/common': [ '0.27.0' ],
30 silly audit   'balanced-match': [ '4.0.4', '1.0.2' ],
30 silly audit   'brace-expansion': [ '5.0.7', '1.1.15' ],
30 silly audit   'fast-glob': [ '3.3.3', '3.3.1' ],
30 silly audit   'glob-parent': [ '5.1.2', '6.0.2' ],
30 silly audit   minimatch: [ '10.2.5', '3.1.5' ],
30 silly audit   '@tybys/wasm-util': [ '0.10.3' ],
30 silly audit   '@types/estree': [ '1.0.9' ],
30 silly audit   '@types/json-schema': [ '7.0.15' ],
30 silly audit   '@types/json5': [ '0.0.29' ],
30 silly audit   '@types/node': [ '20.19.43' ],
30 silly audit   '@types/react': [ '19.2.17' ],
30 silly audit   '@types/react-dom': [ '19.2.3' ],
30 silly audit   '@types/validate-npm-package-name': [ '4.0.2' ],
30 silly audit   '@types/warning': [ '3.0.4' ],
30 silly audit   '@typescript-eslint/eslint-plugin': [ '8.62.1' ],
30 silly audit   ignore: [ '7.0.5', '5.3.2' ],
30 silly audit   '@typescript-eslint/parser': [ '8.62.1' ],
30 silly audit   '@typescript-eslint/project-service': [ '8.62.1' ],
30 silly audit   '@typescript-eslint/scope-manager': [ '8.62.1' ],
30 silly audit   '@typescript-eslint/tsconfig-utils': [ '8.62.1' ],
30 silly audit   '@typescript-eslint/type-utils': [ '8.62.1' ],
30 silly audit   '@typescript-eslint/types': [ '8.62.1' ],
30 silly audit   '@typescript-eslint/typescript-estree': [ '8.62.1' ],
30 silly audit   semver: [ '7.8.5', '6.3.1' ],
30 silly audit   '@typescript-eslint/utils': [ '8.62.1' ],
30 silly audit   '@typescript-eslint/visitor-keys': [ '8.62.1' ],
30 silly audit   '@unrs/resolver-binding-android-arm-eabi': [ '1.12.2' ],
30 silly audit   '@unrs/resolver-binding-android-arm64': [ '1.12.2' ],
30 silly audit   '@unrs/resolver-binding-darwin-arm64': [ '1.12.2' ],
30 silly audit   '@unrs/resolver-binding-darwin-x64': [ '1.12.2' ],
30 silly audit   '@unrs/resolver-binding-freebsd-x64': [ '1.12.2' ],
30 silly audit   '@unrs/resolver-binding-linux-arm-gnueabihf': [ '1.12.2' ],
30 silly audit   '@unrs/resolver-binding-linux-arm-musleabihf': [ '1.12.2' ],
30 silly audit   '@unrs/resolver-binding-linux-arm64-gnu': [ '1.12.2' ],
30 silly audit   '@unrs/resolver-binding-linux-arm64-musl': [ '1.12.2' ],
30 silly audit   '@unrs/resolver-binding-linux-loong64-gnu': [ '1.12.2' ],
30 silly audit   '@unrs/resolver-binding-linux-loong64-musl': [ '1.12.2' ],
30 silly audit   '@unrs/resolver-binding-linux-ppc64-gnu': [ '1.12.2' ],
30 silly audit   '@unrs/resolver-binding-linux-riscv64-gnu': [ '1.12.2' ],
30 silly audit   '@unrs/resolver-binding-linux-riscv64-musl': [ '1.12.2' ],
30 silly audit   '@unrs/resolver-binding-linux-s390x-gnu': [ '1.12.2' ],
30 silly audit   '@unrs/resolver-binding-linux-x64-gnu': [ '1.12.2' ],
30 silly audit   '@unrs/resolver-binding-linux-x64-musl': [ '1.12.2' ],
30 silly audit   '@unrs/resolver-binding-openharmony-arm64': [ '1.12.2' ],
30 silly audit   '@unrs/resolver-binding-wasm32-wasi': [ '1.12.2' ],
30 silly audit   '@unrs/resolver-binding-win32-arm64-msvc': [ '1.12.2' ],
30 silly audit   '@unrs/resolver-binding-win32-ia32-msvc': [ '1.12.2' ],
30 silly audit   '@unrs/resolver-binding-win32-x64-msvc': [ '1.12.2' ],
30 silly audit   accepts: [ '2.0.0' ],
30 silly audit   acorn: [ '8.17.0' ],
30 silly audit   'acorn-jsx': [ '5.3.2' ],
30 silly audit   'ajv-formats': [ '3.0.1', '2.1.1' ],
30 silly audit   'ansi-colors': [ '4.1.3' ],
30 silly audit   'ansi-regex': [ '5.0.1', '6.2.2' ],
30 silly audit   'ansi-styles': [ '4.3.0' ],
30 silly audit   argparse: [ '2.0.1' ],
30 silly audit   'aria-query': [ '5.3.2' ],
30 silly audit   'array-buffer-byte-length': [ '1.0.2' ],
30 silly audit   'array-includes': [ '3.1.9' ],
30 silly audit   'array.prototype.findlast': [ '1.2.5' ],
30 silly audit   'array.prototype.findlastindex': [ '1.2.6' ],
30 silly audit   'array.prototype.flat': [ '1.3.3' ],
30 silly audit   'array.prototype.flatmap': [ '1.3.3' ],
30 silly audit   'array.prototype.tosorted': [ '1.1.4' ],
30 silly audit   'arraybuffer.prototype.slice': [ '1.0.4' ],
30 silly audit   'ast-types': [ '0.16.1' ],
30 silly audit   'ast-types-flow': [ '0.0.8' ],
30 silly audit   'async-function': [ '1.0.0' ],
30 silly audit   atomically: [ '1.7.0' ],
30 silly audit   'available-typed-arrays': [ '1.0.7' ],
30 silly audit   'axe-core': [ '4.12.1' ],
30 silly audit   'axobject-query': [ '4.1.0' ],
30 silly audit   'baseline-browser-mapping': [ '2.10.41' ],
30 silly audit   'body-parser': [ '2.3.0' ],
30 silly audit   'content-type': [ '2.0.0', '1.0.5' ],
30 silly audit   braces: [ '3.0.3' ],
30 silly audit   browserslist: [ '4.28.4' ],
30 silly audit   'bundle-name': [ '4.1.0' ],
30 silly audit   bytes: [ '3.1.2' ],
30 silly audit   'call-bind': [ '1.0.9' ],
30 silly audit   'call-bind-apply-helpers': [ '1.0.2' ],
30 silly audit   'call-bound': [ '1.0.4' ],
30 silly audit   callsites: [ '3.1.0' ],
30 silly audit   'caniuse-lite': [ '1.0.30001800' ],
30 silly audit   chalk: [ '4.1.2', '5.6.2' ],
30 silly audit   'class-variance-authority': [ '0.7.1' ],
30 silly audit   cldrjs: [ '0.5.5' ],
30 silly audit   'cli-cursor': [ '5.0.0' ],
30 silly audit   'cli-spinners': [ '2.9.2' ],
30 silly audit   'client-only': [ '0.0.1' ],
30 silly audit   clsx: [ '2.1.1' ],
30 silly audit   'code-block-writer': [ '13.0.3' ],
30 silly audit   'color-convert': [ '2.0.1' ],
30 silly audit   'color-name': [ '1.1.4' ],
30 silly audit   'concat-map': [ '0.0.1' ],
30 silly audit   conf: [ '10.2.0' ],
30 silly audit   'json-schema-typed': [ '7.0.3', '8.0.2' ],
30 silly audit   'content-disposition': [ '1.1.0' ],
30 silly audit   'convert-source-map': [ '2.0.0' ],
30 silly audit   cookie: [ '0.7.2' ],
30 silly audit   'cookie-signature': [ '1.2.2' ],
30 silly audit   cors: [ '2.8.6' ],
30 silly audit   cosmiconfig: [ '9.0.2' ],
30 silly audit   'cross-spawn': [ '7.0.6' ],
30 silly audit   cssesc: [ '3.0.0' ],
30 silly audit   csstype: [ '3.2.3' ],
30 silly audit   'damerau-levenshtein': [ '1.0.8' ],
30 silly audit   'data-view-buffer': [ '1.0.2' ],
30 silly audit   'data-view-byte-length': [ '1.0.2' ],
30 silly audit   'data-view-byte-offset': [ '1.0.1' ],
30 silly audit   'date-arithmetic': [ '4.1.0' ],
30 silly audit   'date-fns': [ '4.4.0' ],
30 silly audit   dayjs: [ '1.11.21' ],
30 silly audit   'debounce-fn': [ '4.0.0' ],
30 silly audit   debug: [ '4.4.3', '3.2.7' ],
30 silly audit   dedent: [ '1.7.2' ],
30 silly audit   'deep-is': [ '0.1.4' ],
30 silly audit   deepmerge: [ '4.3.1' ],
30 silly audit   'default-browser': [ '5.5.0' ],
30 silly audit   'default-browser-id': [ '5.0.1' ],
30 silly audit   'define-data-property': [ '1.1.4' ],
30 silly audit   'define-properties': [ '1.2.1' ],
30 silly audit   depd: [ '2.0.0' ],
30 silly audit   dequal: [ '2.0.3' ],
30 silly audit   'detect-libc': [ '2.1.2' ],
30 silly audit   diff: [ '8.0.4' ],
30 silly audit   doctrine: [ '2.1.0' ],
30 silly audit   'dom-helpers': [ '6.0.1', '5.2.1' ],
30 silly audit   'dot-prop': [ '6.0.1' ],
30 silly audit   dotenv: [ '17.4.2' ],
30 silly audit   'dunder-proto': [ '1.0.1' ],
30 silly audit   'ee-first': [ '1.1.1' ],
30 silly audit   'electron-to-chromium': [ '1.5.385' ],
30 silly audit   'emoji-regex': [ '9.2.2', '10.6.0' ],
30 silly audit   encodeurl: [ '2.0.0' ],
30 silly audit   'enhanced-resolve': [ '5.21.6' ],
30 silly audit   enquirer: [ '2.4.1' ],
30 silly audit   'env-paths': [ '2.2.1' ],
30 silly audit   'error-ex': [ '1.3.4' ],
30 silly audit   'es-abstract': [ '1.24.2' ],
30 silly audit   'es-abstract-get': [ '1.0.0' ],
30 silly audit   'es-define-property': [ '1.0.1' ],
30 silly audit   'es-errors': [ '1.3.0' ],
30 silly audit   'es-iterator-helpers': [ '1.3.3' ],
30 silly audit   'es-object-atoms': [ '1.1.2' ],
30 silly audit   'es-set-tostringtag': [ '2.1.0' ],
30 silly audit   'es-shim-unscopables': [ '1.1.0' ],
30 silly audit   'es-to-primitive': [ '1.3.4' ],
30 silly audit   escalade: [ '3.2.0' ],
30 silly audit   'escape-html': [ '1.0.3' ],
30 silly audit   'escape-string-regexp': [ '4.0.0' ],
30 silly audit   eslint: [ '9.39.4' ],
30 silly audit   'eslint-config-next': [ '16.2.10' ],
30 silly audit   globals: [ '16.4.0', '14.0.0' ],
30 silly audit   'eslint-import-resolver-node': [ '0.3.10' ],
30 silly audit   'eslint-import-resolver-typescript': [ '3.10.1' ],
30 silly audit   'eslint-module-utils': [ '2.14.0' ],
30 silly audit   'eslint-plugin-import': [ '2.32.0' ],
30 silly audit   'eslint-plugin-jsx-a11y': [ '6.10.2' ],
30 silly audit   'eslint-plugin-react': [ '7.37.5' ],
30 silly audit   'eslint-plugin-react-hooks': [ '7.1.1' ],
30 silly audit   'eslint-scope': [ '8.4.0' ],
30 silly audit   espree: [ '10.4.0' ],
30 silly audit   esprima: [ '4.0.1' ],
30 silly audit   esquery: [ '1.7.0' ],
30 silly audit   esrecurse: [ '4.3.0' ],
30 silly audit   estraverse: [ '5.3.0' ],
30 silly audit   esutils: [ '2.0.3' ],
30 silly audit   etag: [ '1.8.1' ],
30 silly audit   eventsource: [ '3.0.7' ],
30 silly audit   'eventsource-parser': [ '3.1.0' ],
30 silly audit   express: [ '5.2.1' ],
30 silly audit   'express-rate-limit': [ '8.5.2' ],
30 silly audit   'fast-deep-equal': [ '3.1.3' ],
30 silly audit   'fast-json-stable-stringify': [ '2.1.0' ],
30 silly audit   'fast-levenshtein': [ '2.0.6' ],
30 silly audit   'fast-uri': [ '3.1.3' ],
30 silly audit   fastq: [ '1.20.1' ],
30 silly audit   figures: [ '6.1.0' ],
30 silly audit   'file-entry-cache': [ '8.0.0' ],
30 silly audit   'fill-range': [ '7.1.1' ],
30 silly audit   finalhandler: [ '2.1.1' ],
30 silly audit   'find-up': [ '5.0.0', '3.0.0' ],
30 silly audit   'flat-cache': [ '4.0.1' ],
30 silly audit   flatted: [ '3.4.2' ],
30 silly audit   'for-each': [ '0.3.5' ],
30 silly audit   forwarded: [ '0.2.0' ],
30 silly audit   fresh: [ '2.0.0' ],
30 silly audit   'fs-extra': [ '11.3.6' ],
30 silly audit   'function-bind': [ '1.1.2' ],
30 silly audit   'function.prototype.name': [ '1.2.0' ],
30 silly audit   'functions-have-names': [ '1.2.3' ],
30 silly audit   fuzzysort: [ '3.1.0' ],
30 silly audit   'generator-function': [ '2.0.1' ],
30 silly audit   gensync: [ '1.0.0-beta.2' ],
30 silly audit   'get-east-asian-width': [ '1.6.0' ],
30 silly audit   'get-intrinsic': [ '1.3.0' ],
30 silly audit   'get-own-enumerable-keys': [ '1.0.0' ],
30 silly audit   'get-proto': [ '1.0.1' ],
30 silly audit   'get-symbol-description': [ '1.1.0' ],
30 silly audit   'get-tsconfig': [ '4.14.0' ],
30 silly audit   globalize: [ '1.7.1' ],
30 silly audit   globalthis: [ '1.0.4' ],
30 silly audit   gopd: [ '1.2.0' ],
30 silly audit   'graceful-fs': [ '4.2.11' ],
30 silly audit   'has-bigints': [ '1.1.0' ],
30 silly audit   'has-flag': [ '4.0.0' ],
30 silly audit   'has-property-descriptors': [ '1.0.2' ],
30 silly audit   'has-proto': [ '1.2.0' ],
30 silly audit   'has-symbols': [ '1.1.0' ],
30 silly audit   'has-tostringtag': [ '1.0.2' ],
30 silly audit   hasown: [ '2.0.4' ],
30 silly audit   'hermes-estree': [ '0.25.1' ],
30 silly audit   'hermes-parser': [ '0.25.1' ],
30 silly audit   hono: [ '4.12.27' ],
30 silly audit   'http-errors': [ '2.0.1' ],
30 silly audit   'iceberg-js': [ '0.8.1' ],
30 silly audit   'iconv-lite': [ '0.7.2' ],
30 silly audit   idb: [ '8.0.3' ],
30 silly audit   immediate: [ '3.0.6' ],
30 silly audit   'import-fresh': [ '3.3.1' ],
30 silly audit   imurmurhash: [ '0.1.4' ],
30 silly audit   inherits: [ '2.0.4' ],
30 silly audit   'internal-slot': [ '1.1.0' ],
30 silly audit   invariant: [ '2.2.4' ],
30 silly audit   'ip-address': [ '10.2.0' ],
30 silly audit   'ipaddr.js': [ '1.9.1' ],
30 silly audit   'is-array-buffer': [ '3.0.5' ],
30 silly audit   'is-arrayish': [ '0.2.1' ],
30 silly audit   'is-async-function': [ '2.1.1' ],
30 silly audit   'is-bigint': [ '1.1.0' ],
30 silly audit   'is-boolean-object': [ '1.2.2' ],
30 silly audit   'is-bun-module': [ '2.0.0' ],
30 silly audit   'is-callable': [ '1.2.7' ],
30 silly audit   'is-core-module': [ '2.16.2' ],
30 silly audit   'is-data-view': [ '1.0.2' ],
30 silly audit   'is-date-object': [ '1.1.0' ],
30 silly audit   'is-document.all': [ '1.0.0' ],
30 silly audit   'is-extglob': [ '2.1.1' ],
30 silly audit   'is-finalizationregistry': [ '1.1.1' ],
30 silly audit   'is-generator-function': [ '1.1.2' ],
30 silly audit   'is-glob': [ '4.0.3' ],
30 silly audit   'is-in-ssh': [ '1.0.0' ],
30 silly audit   'is-inside-container': [ '1.0.0' ],
30 silly audit   'is-interactive': [ '2.0.0' ],
30 silly audit   'is-map': [ '2.0.3' ],
30 silly audit   'is-negative-zero': [ '2.0.3' ],
30 silly audit   'is-number': [ '7.0.0' ],
30 silly audit   'is-number-object': [ '1.1.1' ],
30 silly audit   'is-obj': [ '2.0.0', '3.0.0' ],
30 silly audit   'is-plain-obj': [ '4.1.0' ],
30 silly audit   'is-promise': [ '4.0.0' ],
30 silly audit   'is-regex': [ '1.2.1' ],
30 silly audit   'is-regexp': [ '3.1.0' ],
30 silly audit   'is-set': [ '2.0.3' ],
30 silly audit   'is-shared-array-buffer': [ '1.0.4' ],
30 silly audit   'is-string': [ '1.1.1' ],
30 silly audit   'is-symbol': [ '1.1.1' ],
30 silly audit   'is-typed-array': [ '1.1.15' ],
30 silly audit   'is-unicode-supported': [ '2.1.0', '1.3.0' ],
30 silly audit   'is-weakmap': [ '2.0.2' ],
30 silly audit   'is-weakref': [ '1.1.1' ],
30 silly audit   'is-weakset': [ '2.0.4' ],
30 silly audit   isarray: [ '2.0.5' ],
30 silly audit   'iterator.prototype': [ '1.1.5' ],
30 silly audit   jiti: [ '2.7.0' ],
30 silly audit   jose: [ '6.2.3' ],
30 silly audit   'js-tokens': [ '4.0.0' ],
30 silly audit   'js-yaml': [ '4.3.0' ],
30 silly audit   jsesc: [ '3.1.0' ],
30 silly audit   'json-buffer': [ '3.0.1' ],
30 silly audit   'json-parse-even-better-errors': [ '2.3.1' ],
30 silly audit   'json-stable-stringify-without-jsonify': [ '1.0.1' ],
30 silly audit   json5: [ '2.2.3', '1.0.2' ],
30 silly audit   jsonfile: [ '6.2.1' ],
30 silly audit   'jsx-ast-utils': [ '3.3.5' ],
30 silly audit   keyv: [ '4.5.4' ],
30 silly audit   kleur: [ '4.1.5', '3.0.3' ],
30 silly audit   'language-subtag-registry': [ '0.3.23' ],
30 silly audit   'language-tags': [ '1.0.9' ],
30 silly audit   levn: [ '0.4.1' ],
30 silly audit   lie: [ '3.1.1' ],
30 silly audit   lightningcss: [ '1.32.0' ],
30 silly audit   'lightningcss-android-arm64': [ '1.32.0' ],
30 silly audit   'lightningcss-darwin-arm64': [ '1.32.0' ],
30 silly audit   'lightningcss-darwin-x64': [ '1.32.0' ],
30 silly audit   'lightningcss-freebsd-x64': [ '1.32.0' ],
30 silly audit   'lightningcss-linux-arm-gnueabihf': [ '1.32.0' ],
30 silly audit   'lightningcss-linux-arm64-gnu': [ '1.32.0' ],
30 silly audit   'lightningcss-linux-arm64-musl': [ '1.32.0' ],
30 silly audit   'lightningcss-linux-x64-gnu': [ '1.32.0' ],
30 silly audit   'lightningcss-linux-x64-musl': [ '1.32.0' ],
30 silly audit   'lightningcss-win32-arm64-msvc': [ '1.32.0' ],
30 silly audit   'lightningcss-win32-x64-msvc': [ '1.32.0' ],
30 silly audit   'lines-and-columns': [ '1.2.4' ],
30 silly audit   localforage: [ '1.10.0' ],
30 silly audit   'locate-path': [ '6.0.0', '3.0.0' ],
30 silly audit   lodash: [ '4.18.1' ],
30 silly audit   'lodash-es': [ '4.18.1' ],
30 silly audit   'lodash.merge': [ '4.6.2' ],
30 silly audit   'log-symbols': [ '6.0.0' ],
30 silly audit   'loose-envify': [ '1.4.0' ],
30 silly audit   'lru-cache': [ '5.1.1' ],
30 silly audit   'lucide-react': [ '1.23.0' ],
30 silly audit   luxon: [ '3.7.2' ],
30 silly audit   'magic-string': [ '0.30.21' ],
30 silly audit   'math-intrinsics': [ '1.1.0' ],
30 silly audit   'media-typer': [ '1.1.0' ],
30 silly audit   'memoize-one': [ '6.0.0' ],
30 silly audit   'merge-descriptors': [ '2.0.0' ],
30 silly audit   'merge-stream': [ '2.0.0' ],
30 silly audit   merge2: [ '1.4.1' ],
30 silly audit   micromatch: [ '4.0.8' ],
30 silly audit   'mime-db': [ '1.54.0' ],
30 silly audit   'mime-types': [ '3.0.2' ],
30 silly audit   'mimic-fn': [ '3.1.0', '2.1.0' ],
30 silly audit   'mimic-function': [ '5.0.1' ],
30 silly audit   minimist: [ '1.2.8' ],
30 silly audit   moment: [ '2.30.1' ],
30 silly audit   'moment-timezone': [ '0.5.48' ],
30 silly audit   ms: [ '2.1.3' ],
30 silly audit   nanoid: [ '3.3.15' ],
30 silly audit   'napi-postinstall': [ '0.3.4' ],
30 silly audit   'natural-compare': [ '1.4.0' ],
30 silly audit   negotiator: [ '1.0.0' ],
30 silly audit   next: [ '16.2.10' ],
30 silly audit   postcss: [ '8.4.31', '8.5.16' ],
30 silly audit   'node-exports-info': [ '1.6.2' ],
30 silly audit   'node-releases': [ '2.0.50' ],
30 silly audit   'path-key': [ '4.0.0', '3.1.1' ],
30 silly audit   'object-assign': [ '4.1.1' ],
30 silly audit   'object-inspect': [ '1.13.4' ],
30 silly audit   'object-keys': [ '1.1.1' ],
30 silly audit   'object-treeify': [ '1.1.33' ],
30 silly audit   'object.assign': [ '4.1.7' ],
30 silly audit   'object.entries': [ '1.1.9' ],
30 silly audit   'object.fromentries': [ '2.0.8' ],
30 silly audit   'object.groupby': [ '1.0.3' ],
30 silly audit   'object.values': [ '1.2.1' ],
30 silly audit   'on-finished': [ '2.4.1' ],
30 silly audit   once: [ '1.4.0' ],
30 silly audit   onetime: [ '5.1.2', '7.0.0' ],
30 silly audit   optionator: [ '0.9.4' ],
30 silly audit   ora: [ '8.2.0' ],
30 silly audit   'strip-ansi': [ '7.2.0', '6.0.1' ],
30 silly audit   'own-keys': [ '1.0.1' ],
30 silly audit   'p-limit': [ '3.1.0', '2.3.0' ],
30 silly audit   'p-locate': [ '5.0.0', '3.0.0' ],
30 silly audit   'p-try': [ '2.2.0' ],
30 silly audit   'parent-module': [ '1.0.1' ],
30 silly audit   'parse-json': [ '5.2.0' ],
30 silly audit   'parse-ms': [ '4.0.0' ],
30 silly audit   parseurl: [ '1.3.3' ],
30 silly audit   'path-browserify': [ '1.0.1' ],
30 silly audit   'path-exists': [ '4.0.0', '3.0.0' ],
30 silly audit   'path-parse': [ '1.0.7' ],
30 silly audit   'path-to-regexp': [ '8.4.2' ],
30 silly audit   picocolors: [ '1.1.1' ],
30 silly audit   'pkce-challenge': [ '5.0.1' ],
30 silly audit   'pkg-up': [ '3.1.0' ],
30 silly audit   'possible-typed-array-names': [ '1.1.0' ],
30 silly audit   'postcss-selector-parser': [ '7.1.4' ],
30 silly audit   'powershell-utils': [ '0.1.0' ],
30 silly audit   'prelude-ls': [ '1.2.1' ],
30 silly audit   'pretty-ms': [ '9.3.0' ],
30 silly audit   prompts: [ '2.4.2' ],
30 silly audit   'prop-types': [ '15.8.1' ],
30 silly audit   'proxy-addr': [ '2.0.7' ],
30 silly audit   punycode: [ '2.3.1' ],
30 silly audit   qs: [ '6.15.3' ],
30 silly audit   'queue-microtask': [ '1.2.3' ],
30 silly audit   'range-parser': [ '1.3.0' ],
30 silly audit   'raw-body': [ '3.0.2' ],
30 silly audit   react: [ '19.2.4' ],
30 silly audit   'react-big-calendar': [ '1.20.0' ],
30 silly audit   'react-dom': [ '19.2.4' ],
30 silly audit   'react-is': [ '16.13.1' ],
30 silly audit   'react-lifecycles-compat': [ '3.0.4' ],
30 silly audit   'react-overlays': [ '5.2.1' ],
30 silly audit   recast: [ '0.23.12' ],
30 silly audit   'reflect.getprototypeof': [ '1.0.10' ],
30 silly audit   'regexp.prototype.flags': [ '1.5.4' ],
30 silly audit   'require-from-string': [ '2.0.2' ],
30 silly audit   reselect: [ '5.2.0' ],
30 silly audit   resolve: [ '2.0.0-next.7' ],
30 silly audit   'resolve-from': [ '4.0.0' ],
30 silly audit   'resolve-pkg-maps': [ '1.0.0' ],
30 silly audit   'restore-cursor': [ '5.1.0' ],
30 silly audit   reusify: [ '1.1.0' ],
30 silly audit   router: [ '2.2.0' ],
30 silly audit   rrule: [ '2.8.1' ],
30 silly audit   'run-applescript': [ '7.1.0' ],
30 silly audit   'run-parallel': [ '1.2.0' ],
30 silly audit   'safe-array-concat': [ '1.1.4' ],
30 silly audit   'safe-push-apply': [ '1.0.0' ],
30 silly audit   'safe-regex-test': [ '1.1.0' ],
30 silly audit   'safer-buffer': [ '2.1.2' ],
30 silly audit   scheduler: [ '0.27.0' ],
30 silly audit   send: [ '1.2.1' ],
30 silly audit   'serve-static': [ '2.2.1' ],
30 silly audit   'set-function-length': [ '1.2.2' ],
30 silly audit   'set-function-name': [ '2.0.2' ],
30 silly audit   'set-proto': [ '1.0.0' ],
30 silly audit   setprototypeof: [ '1.2.0' ],
30 silly audit   shadcn: [ '4.12.0' ],
30 silly audit   'tsconfig-paths': [ '4.2.0', '3.15.0' ],
30 silly audit   zod: [ '3.25.76', '4.4.3' ],
30 silly audit   sharp: [ '0.34.5' ],
30 silly audit   'shebang-command': [ '2.0.0' ],
30 silly audit   'shebang-regex': [ '3.0.0' ],
30 silly audit   'side-channel': [ '1.1.1' ],
30 silly audit   'side-channel-list': [ '1.0.1' ],
30 silly audit   'side-channel-map': [ '1.0.1' ],
30 silly audit   'side-channel-weakmap': [ '1.0.2' ],
30 silly audit   sisteransi: [ '1.0.5' ],
30 silly audit   'source-map': [ '0.6.1' ],
30 silly audit   'source-map-js': [ '1.2.1' ],
30 silly audit   'stable-hash': [ '0.0.5' ],
30 silly audit   statuses: [ '2.0.2' ],
30 silly audit   'stdin-discarder': [ '0.2.2' ],
30 silly audit   'stop-iteration-iterator': [ '1.1.0' ],
30 silly audit   'string-width': [ '7.2.0' ],
30 silly audit   'string.prototype.includes': [ '2.0.1' ],
30 silly audit   'string.prototype.matchall': [ '4.0.12' ],
30 silly audit   'string.prototype.repeat': [ '1.0.0' ],
30 silly audit   'string.prototype.trim': [ '1.2.11' ],
30 silly audit   'string.prototype.trimend': [ '1.0.10' ],
30 silly audit   'string.prototype.trimstart': [ '1.0.8' ],
30 silly audit   'stringify-object': [ '5.0.0' ],
30 silly audit   'strip-bom': [ '3.0.0' ],
30 silly audit   'strip-json-comments': [ '3.1.1' ],
30 silly audit   'styled-jsx': [ '5.1.6' ],
30 silly audit   'supports-color': [ '7.2.0' ],
30 silly audit   'supports-preserve-symlinks-flag': [ '1.0.0' ],
30 silly audit   systeminformation: [ '5.31.11' ],
30 silly audit   'tailwind-merge': [ '3.6.0' ],
30 silly audit   tailwindcss: [ '4.3.2' ],
30 silly audit   tapable: [ '2.3.3' ],
30 silly audit   'tiny-invariant': [ '1.3.3' ],
30 silly audit   tinyglobby: [ '0.2.17' ],
30 silly audit   'to-regex-range': [ '5.0.1' ],
30 silly audit   toidentifier: [ '1.0.1' ],
30 silly audit   'ts-api-utils': [ '2.5.0' ],
30 silly audit   'ts-morph': [ '26.0.0' ],
30 silly audit   tslib: [ '2.8.1' ],
30 silly audit   'tw-animate-css': [ '1.4.0' ],
30 silly audit   'type-check': [ '0.4.0' ],
30 silly audit   'type-is': [ '2.1.0' ],
30 silly audit   'typed-array-buffer': [ '1.0.3' ],
30 silly audit   'typed-array-byte-length': [ '1.0.3' ],
30 silly audit   'typed-array-byte-offset': [ '1.0.4' ],
30 silly audit   'typed-array-length': [ '1.0.8' ],
30 silly audit   typescript: [ '5.9.3' ],
30 silly audit   'typescript-eslint': [ '8.62.1' ],
30 silly audit   'unbox-primitive': [ '1.1.0' ],
30 silly audit   uncontrollable: [ '7.2.1' ],
30 silly audit   undici: [ '7.28.0' ],
30 silly audit   'undici-types': [ '6.21.0' ],
30 silly audit   'unicorn-magic': [ '0.3.0' ],
30 silly audit   universalify: [ '2.0.1' ],
30 silly audit   unpipe: [ '1.0.0' ],
30 silly audit   'unrs-resolver': [ '1.12.2' ],
30 silly audit   'update-browserslist-db': [ '1.2.3' ],
30 silly audit   'uri-js': [ '4.4.1' ],
30 silly audit   'use-sync-external-store': [ '1.6.0' ],
30 silly audit   'util-deprecate': [ '1.0.2' ],
30 silly audit   'validate-npm-package-name': [ '7.0.2' ],
30 silly audit   vary: [ '1.1.2' ],
30 silly audit   warning: [ '4.0.3' ],
30 silly audit   'which-boxed-primitive': [ '1.1.1' ],
30 silly audit   'which-builtin-type': [ '1.2.1' ],
30 silly audit   'which-collection': [ '1.0.2' ],
30 silly audit   'which-typed-array': [ '1.1.22' ],
30 silly audit   'word-wrap': [ '1.2.5' ],
30 silly audit   wrappy: [ '1.0.2' ],
30 silly audit   'wsl-utils': [ '0.3.1' ],
30 silly audit   yallist: [ '3.1.1' ],
30 silly audit   'yocto-queue': [ '0.1.0' ],
30 silly audit   'yocto-spinner': [ '1.2.0' ],
30 silly audit   yoctocolors: [ '2.1.2' ],
30 silly audit   'zod-to-json-schema': [ '3.25.2' ],
30 silly audit   'zod-validation-error': [ '4.0.2' ],
30 silly audit   '@types/react-big-calendar': [ '1.16.3' ],
30 silly audit   '@types/date-arithmetic': [ '4.1.4' ],
30 silly audit   '@types/prop-types': [ '15.7.15' ]
30 silly audit }
31 http cache @types/prop-types@https://registry.npmjs.org/@types/prop-types/-/prop-types-15.7.15.tgz 0ms (cache hit)
32 http cache @types/react-big-calendar@https://registry.npmjs.org/@types/react-big-calendar/-/react-big-calendar-1.16.3.tgz 0ms (cache hit)
33 http cache @types/date-arithmetic@https://registry.npmjs.org/@types/date-arithmetic/-/date-arithmetic-4.1.4.tgz 0ms (cache hit)
34 silly tarball no local data for @types/prop-types@https://registry.npmjs.org/@types/prop-types/-/prop-types-15.7.15.tgz. Extracting by manifest.
35 silly tarball no local data for @types/react-big-calendar@https://registry.npmjs.org/@types/react-big-calendar/-/react-big-calendar-1.16.3.tgz. Extracting by manifest.
36 silly tarball no local data for @types/date-arithmetic@https://registry.npmjs.org/@types/date-arithmetic/-/date-arithmetic-4.1.4.tgz. Extracting by manifest.
37 http fetch GET 200 https://registry.npmjs.org/@types/prop-types/-/prop-types-15.7.15.tgz 246ms (cache miss)
38 http fetch POST 200 https://registry.npmjs.org/-/npm/v1/security/advisories/bulk 264ms
39 silly audit report {
39 silly audit report   postcss: [
39 silly audit report     {
39 silly audit report       id: 1117015,
39 silly audit report       url: 'https://github.com/advisories/GHSA-qx2v-qp2m-jg93',
39 silly audit report       title: 'PostCSS has XSS via Unescaped </style> in its CSS Stringify Output',
39 silly audit report       severity: 'moderate',
39 silly audit report       vulnerable_versions: '<8.5.10',
39 silly audit report       cwe: [Array],
39 silly audit report       cvss: [Object]
39 silly audit report     }
39 silly audit report   ]
39 silly audit report }
40 silly packumentCache corgi:https://registry.npmjs.org/postcss cache-miss
41 http cache https://registry.npmjs.org/postcss 4ms (cache hit)
42 silly packumentCache corgi:https://registry.npmjs.org/postcss set size:345714 disposed:false
43 silly packumentCache corgi:https://registry.npmjs.org/next cache-miss
44 http cache https://registry.npmjs.org/next 35ms (cache hit)
45 silly packumentCache corgi:https://registry.npmjs.org/next set size:25346528 disposed:false
46 http fetch GET 200 https://registry.npmjs.org/@types/date-arithmetic/-/date-arithmetic-4.1.4.tgz 527ms (cache miss)
47 http fetch GET 200 https://registry.npmjs.org/@types/react-big-calendar/-/react-big-calendar-1.16.3.tgz 529ms (cache miss)
48 silly ADD node_modules/@types/prop-types
49 silly ADD node_modules/@types/date-arithmetic
50 silly ADD node_modules/@types/react-big-calendar
51 verbose cwd /Users/yasinceken/Desktop/tkd-plan
52 verbose os Darwin 25.5.0
53 verbose node v24.16.0
54 verbose npm  v11.13.0
55 verbose exit 0
56 info ok
